\BOOKMARK [0][-]{chapter.1}{\376\377\0001\000\040\000T\000o\000d\000o\000\040\000L\000i\000s\000t}{}% 1
\BOOKMARK [0][-]{chapter.2}{\376\377\0002\000\040\000H\000i\000e\000r\000a\000r\000c\000h\000i\000c\000a\000l\000\040\000I\000n\000d\000e\000x}{}% 2
\BOOKMARK [1][-]{section.2.1}{\376\377\0002\000.\0001\000\040\000C\000l\000a\000s\000s\000\040\000H\000i\000e\000r\000a\000r\000c\000h\000y}{chapter.2}% 3
\BOOKMARK [0][-]{chapter.3}{\376\377\0003\000\040\000C\000l\000a\000s\000s\000\040\000I\000n\000d\000e\000x}{}% 4
\BOOKMARK [1][-]{section.3.1}{\376\377\0003\000.\0001\000\040\000C\000l\000a\000s\000s\000\040\000L\000i\000s\000t}{chapter.3}% 5
\BOOKMARK [0][-]{chapter.4}{\376\377\0004\000\040\000F\000i\000l\000e\000\040\000I\000n\000d\000e\000x}{}% 6
\BOOKMARK [1][-]{section.4.1}{\376\377\0004\000.\0001\000\040\000F\000i\000l\000e\000\040\000L\000i\000s\000t}{chapter.4}% 7
\BOOKMARK [0][-]{chapter.5}{\376\377\0005\000\040\000C\000l\000a\000s\000s\000\040\000D\000o\000c\000u\000m\000e\000n\000t\000a\000t\000i\000o\000n}{}% 8
\BOOKMARK [1][-]{section.5.1}{\376\377\0005\000.\0001\000\040\000A\000F\000A\000c\000t\000i\000v\000a\000t\000i\000o\000n\000F\000u\000n\000c\000t\000i\000o\000n\000<\000\040\000T\000,\000\040\000N\000,\000\040\000M\000\040\000>\000\040\000C\000l\000a\000s\000s\000\040\000T\000e\000m\000p\000l\000a\000t\000e\000\040\000R\000e\000f\000e\000r\000e\000n\000c\000e}{chapter.5}% 9
\BOOKMARK [2][-]{subsection.5.1.1}{\376\377\0005\000.\0001\000.\0001\000\040\000M\000e\000m\000b\000e\000r\000\040\000F\000u\000n\000c\000t\000i\000o\000n\000\040\000D\000o\000c\000u\000m\000e\000n\000t\000a\000t\000i\000o\000n}{section.5.1}% 10
\BOOKMARK [3][-]{subsubsection.5.1.1.1}{\376\377\0005\000.\0001\000.\0001\000.\0001\000\040\000d\000e\000r\000i\000v\000a\000t\000i\000v\000e\000\050\000\051}{subsection.5.1.1}% 11
\BOOKMARK [3][-]{subsubsection.5.1.1.2}{\376\377\0005\000.\0001\000.\0001\000.\0002\000\040\000e\000v\000a\000l\000u\000a\000t\000e\000\050\000\051}{subsection.5.1.1}% 12
\BOOKMARK [1][-]{section.5.2}{\376\377\0005\000.\0002\000\040\000A\000F\000L\000o\000s\000s\000F\000u\000n\000c\000t\000i\000o\000n\000<\000\040\000T\000,\000\040\000N\000,\000\040\000M\000\040\000>\000\040\000C\000l\000a\000s\000s\000\040\000T\000e\000m\000p\000l\000a\000t\000e\000\040\000R\000e\000f\000e\000r\000e\000n\000c\000e}{chapter.5}% 13
\BOOKMARK [2][-]{subsection.5.2.1}{\376\377\0005\000.\0002\000.\0001\000\040\000M\000e\000m\000b\000e\000r\000\040\000F\000u\000n\000c\000t\000i\000o\000n\000\040\000D\000o\000c\000u\000m\000e\000n\000t\000a\000t\000i\000o\000n}{section.5.2}% 14
\BOOKMARK [3][-]{subsubsection.5.2.1.1}{\376\377\0005\000.\0002\000.\0001\000.\0001\000\040\000d\000e\000r\000i\000v\000a\000t\000i\000v\000e\000\050\000\051}{subsection.5.2.1}% 15
\BOOKMARK [3][-]{subsubsection.5.2.1.2}{\376\377\0005\000.\0002\000.\0001\000.\0002\000\040\000e\000v\000a\000l\000u\000a\000t\000e\000\050\000\051}{subsection.5.2.1}% 16
\BOOKMARK [1][-]{section.5.3}{\376\377\0005\000.\0003\000\040\000A\000F\000M\000a\000t\000r\000i\000x\000<\000\040\000T\000,\000\040\000R\000O\000W\000S\000,\000\040\000C\000O\000L\000S\000\040\000>\000\040\000C\000l\000a\000s\000s\000\040\000T\000e\000m\000p\000l\000a\000t\000e\000\040\000R\000e\000f\000e\000r\000e\000n\000c\000e}{chapter.5}% 17
\BOOKMARK [2][-]{subsection.5.3.1}{\376\377\0005\000.\0003\000.\0001\000\040\000C\000o\000n\000s\000t\000r\000u\000c\000t\000o\000r\000\040\000\046\000\040\000D\000e\000s\000t\000r\000u\000c\000t\000o\000r\000\040\000D\000o\000c\000u\000m\000e\000n\000t\000a\000t\000i\000o\000n}{section.5.3}% 18
\BOOKMARK [3][-]{subsubsection.5.3.1.1}{\376\377\0005\000.\0003\000.\0001\000.\0001\000\040\000A\000F\000M\000a\000t\000r\000i\000x\000\050\000\051\000\040\000[\0001\000/\0003\000]}{subsection.5.3.1}% 19
\BOOKMARK [3][-]{subsubsection.5.3.1.2}{\376\377\0005\000.\0003\000.\0001\000.\0002\000\040\000A\000F\000M\000a\000t\000r\000i\000x\000\050\000\051\000\040\000[\0002\000/\0003\000]}{subsection.5.3.1}% 20
\BOOKMARK [3][-]{subsubsection.5.3.1.3}{\376\377\0005\000.\0003\000.\0001\000.\0003\000\040\000A\000F\000M\000a\000t\000r\000i\000x\000\050\000\051\000\040\000[\0003\000/\0003\000]}{subsection.5.3.1}% 21
\BOOKMARK [3][-]{subsubsection.5.3.1.4}{\376\377\0005\000.\0003\000.\0001\000.\0004\000\040\000\040\000A\000F\000M\000a\000t\000r\000i\000x\000\050\000\051}{subsection.5.3.1}% 22
\BOOKMARK [2][-]{subsection.5.3.2}{\376\377\0005\000.\0003\000.\0002\000\040\000M\000e\000m\000b\000e\000r\000\040\000F\000u\000n\000c\000t\000i\000o\000n\000\040\000D\000o\000c\000u\000m\000e\000n\000t\000a\000t\000i\000o\000n}{section.5.3}% 23
\BOOKMARK [3][-]{subsubsection.5.3.2.1}{\376\377\0005\000.\0003\000.\0002\000.\0001\000\040\000a\000d\000d\000\050\000\051}{subsection.5.3.2}% 24
\BOOKMARK [3][-]{subsubsection.5.3.2.2}{\376\377\0005\000.\0003\000.\0002\000.\0002\000\040\000c\000o\000p\000y\000V\000a\000l\000u\000e\000s\000\050\000\051\000\040\000[\0001\000/\0004\000]}{subsection.5.3.2}% 25
\BOOKMARK [3][-]{subsubsection.5.3.2.3}{\376\377\0005\000.\0003\000.\0002\000.\0003\000\040\000c\000o\000p\000y\000V\000a\000l\000u\000e\000s\000\050\000\051\000\040\000[\0002\000/\0004\000]}{subsection.5.3.2}% 26
\BOOKMARK [3][-]{subsubsection.5.3.2.4}{\376\377\0005\000.\0003\000.\0002\000.\0004\000\040\000c\000o\000p\000y\000V\000a\000l\000u\000e\000s\000\050\000\051\000\040\000[\0003\000/\0004\000]}{subsection.5.3.2}% 27
\BOOKMARK [3][-]{subsubsection.5.3.2.5}{\376\377\0005\000.\0003\000.\0002\000.\0005\000\040\000c\000o\000p\000y\000V\000a\000l\000u\000e\000s\000\050\000\051\000\040\000[\0004\000/\0004\000]}{subsection.5.3.2}% 28
\BOOKMARK [3][-]{subsubsection.5.3.2.6}{\376\377\0005\000.\0003\000.\0002\000.\0006\000\040\000e\000q\000u\000a\000l\000s\000\050\000\051}{subsection.5.3.2}% 29
\BOOKMARK [3][-]{subsubsection.5.3.2.7}{\376\377\0005\000.\0003\000.\0002\000.\0007\000\040\000g\000e\000t\000C\000o\000l\000\050\000\051}{subsection.5.3.2}% 30
\BOOKMARK [3][-]{subsubsection.5.3.2.8}{\376\377\0005\000.\0003\000.\0002\000.\0008\000\040\000g\000e\000t\000I\000n\000d\000e\000x\000\050\000\051}{subsection.5.3.2}% 31
\BOOKMARK [3][-]{subsubsection.5.3.2.9}{\376\377\0005\000.\0003\000.\0002\000.\0009\000\040\000g\000e\000t\000R\000o\000w\000\050\000\051}{subsection.5.3.2}% 32
\BOOKMARK [3][-]{subsubsection.5.3.2.10}{\376\377\0005\000.\0003\000.\0002\000.\0001\0000\000\040\000g\000e\000t\000V\000a\000l\000u\000e\000\050\000\051}{subsection.5.3.2}% 33
\BOOKMARK [3][-]{subsubsection.5.3.2.11}{\376\377\0005\000.\0003\000.\0002\000.\0001\0001\000\040\000i\000n\000n\000e\000r\000P\000r\000o\000d\000u\000c\000t\000\050\000\051\000\040\000[\0001\000/\0004\000]}{subsection.5.3.2}% 34
\BOOKMARK [3][-]{subsubsection.5.3.2.12}{\376\377\0005\000.\0003\000.\0002\000.\0001\0002\000\040\000i\000n\000n\000e\000r\000P\000r\000o\000d\000u\000c\000t\000\050\000\051\000\040\000[\0002\000/\0004\000]}{subsection.5.3.2}% 35
\BOOKMARK [3][-]{subsubsection.5.3.2.13}{\376\377\0005\000.\0003\000.\0002\000.\0001\0003\000\040\000i\000n\000n\000e\000r\000P\000r\000o\000d\000u\000c\000t\000\050\000\051\000\040\000[\0003\000/\0004\000]}{subsection.5.3.2}% 36
\BOOKMARK [3][-]{subsubsection.5.3.2.14}{\376\377\0005\000.\0003\000.\0002\000.\0001\0004\000\040\000i\000n\000n\000e\000r\000P\000r\000o\000d\000u\000c\000t\000\050\000\051\000\040\000[\0004\000/\0004\000]}{subsection.5.3.2}% 37
\BOOKMARK [3][-]{subsubsection.5.3.2.15}{\376\377\0005\000.\0003\000.\0002\000.\0001\0005\000\040\000s\000c\000a\000l\000e\000\050\000\051}{subsection.5.3.2}% 38
\BOOKMARK [3][-]{subsubsection.5.3.2.16}{\376\377\0005\000.\0003\000.\0002\000.\0001\0006\000\040\000s\000e\000t\000V\000a\000l\000u\000e\000\050\000\051}{subsection.5.3.2}% 39
\BOOKMARK [3][-]{subsubsection.5.3.2.17}{\376\377\0005\000.\0003\000.\0002\000.\0001\0007\000\040\000s\000u\000b\000t\000r\000a\000c\000t\000\050\000\051}{subsection.5.3.2}% 40
\BOOKMARK [3][-]{subsubsection.5.3.2.18}{\376\377\0005\000.\0003\000.\0002\000.\0001\0008\000\040\000t\000o\000A\000r\000r\000a\000y\000\050\000\051}{subsection.5.3.2}% 41
\BOOKMARK [3][-]{subsubsection.5.3.2.19}{\376\377\0005\000.\0003\000.\0002\000.\0001\0009\000\040\000t\000r\000a\000n\000s\000p\000o\000s\000e\000\050\000\051\000\040\000[\0001\000/\0002\000]}{subsection.5.3.2}% 42
\BOOKMARK [3][-]{subsubsection.5.3.2.20}{\376\377\0005\000.\0003\000.\0002\000.\0002\0000\000\040\000t\000r\000a\000n\000s\000p\000o\000s\000e\000\050\000\051\000\040\000[\0002\000/\0002\000]}{subsection.5.3.2}% 43
\BOOKMARK [2][-]{subsection.5.3.3}{\376\377\0005\000.\0003\000.\0003\000\040\000M\000e\000m\000b\000e\000r\000\040\000D\000a\000t\000a\000\040\000D\000o\000c\000u\000m\000e\000n\000t\000a\000t\000i\000o\000n}{section.5.3}% 44
\BOOKMARK [3][-]{subsubsection.5.3.3.1}{\376\377\0005\000.\0003\000.\0003\000.\0001\000\040\000n\000u\000m\000C\000o\000l\000s}{subsection.5.3.3}% 45
\BOOKMARK [3][-]{subsubsection.5.3.3.2}{\376\377\0005\000.\0003\000.\0003\000.\0002\000\040\000n\000u\000m\000R\000o\000w\000s}{subsection.5.3.3}% 46
\BOOKMARK [3][-]{subsubsection.5.3.3.3}{\376\377\0005\000.\0003\000.\0003\000.\0003\000\040\000v\000a\000l\000s}{subsection.5.3.3}% 47
\BOOKMARK [1][-]{section.5.4}{\376\377\0005\000.\0004\000\040\000A\000F\000S\000q\000u\000a\000r\000e\000L\000o\000s\000s\000F\000u\000n\000c\000t\000i\000o\000n\000<\000\040\000T\000,\000\040\000N\000,\000\040\000M\000\040\000>\000\040\000C\000l\000a\000s\000s\000\040\000T\000e\000m\000p\000l\000a\000t\000e\000\040\000R\000e\000f\000e\000r\000e\000n\000c\000e}{chapter.5}% 48
\BOOKMARK [2][-]{subsection.5.4.1}{\376\377\0005\000.\0004\000.\0001\000\040\000M\000e\000m\000b\000e\000r\000\040\000F\000u\000n\000c\000t\000i\000o\000n\000\040\000D\000o\000c\000u\000m\000e\000n\000t\000a\000t\000i\000o\000n}{section.5.4}% 49
\BOOKMARK [3][-]{subsubsection.5.4.1.1}{\376\377\0005\000.\0004\000.\0001\000.\0001\000\040\000d\000e\000r\000i\000v\000a\000t\000i\000v\000e\000\050\000\051}{subsection.5.4.1}% 50
\BOOKMARK [3][-]{subsubsection.5.4.1.2}{\376\377\0005\000.\0004\000.\0001\000.\0002\000\040\000e\000v\000a\000l\000u\000a\000t\000e\000\050\000\051}{subsection.5.4.1}% 51
\BOOKMARK [1][-]{section.5.5}{\376\377\0005\000.\0005\000\040\000I\000d\000e\000n\000t\000i\000t\000y\000F\000u\000n\000c\000t\000i\000o\000n\000<\000\040\000T\000,\000\040\000N\000,\000\040\000M\000\040\000>\000\040\000C\000l\000a\000s\000s\000\040\000T\000e\000m\000p\000l\000a\000t\000e\000\040\000R\000e\000f\000e\000r\000e\000n\000c\000e}{chapter.5}% 52
\BOOKMARK [2][-]{subsection.5.5.1}{\376\377\0005\000.\0005\000.\0001\000\040\000M\000e\000m\000b\000e\000r\000\040\000F\000u\000n\000c\000t\000i\000o\000n\000\040\000D\000o\000c\000u\000m\000e\000n\000t\000a\000t\000i\000o\000n}{section.5.5}% 53
\BOOKMARK [3][-]{subsubsection.5.5.1.1}{\376\377\0005\000.\0005\000.\0001\000.\0001\000\040\000d\000e\000r\000i\000v\000a\000t\000i\000v\000e\000\050\000\051}{subsection.5.5.1}% 54
\BOOKMARK [3][-]{subsubsection.5.5.1.2}{\376\377\0005\000.\0005\000.\0001\000.\0002\000\040\000e\000v\000a\000l\000u\000a\000t\000e\000\050\000\051}{subsection.5.5.1}% 55
\BOOKMARK [1][-]{section.5.6}{\376\377\0005\000.\0006\000\040\000L\000a\000y\000e\000r\000<\000\040\000L\000E\000N\000\137\000I\000N\000,\000\040\000L\000E\000N\000\137\000O\000U\000T\000\040\000>\000\040\000C\000l\000a\000s\000s\000\040\000T\000e\000m\000p\000l\000a\000t\000e\000\040\000R\000e\000f\000e\000r\000e\000n\000c\000e}{chapter.5}% 56
\BOOKMARK [2][-]{subsection.5.6.1}{\376\377\0005\000.\0006\000.\0001\000\040\000D\000e\000t\000a\000i\000l\000e\000d\000\040\000D\000e\000s\000c\000r\000i\000p\000t\000i\000o\000n}{section.5.6}% 57
\BOOKMARK [2][-]{subsection.5.6.2}{\376\377\0005\000.\0006\000.\0002\000\040\000C\000o\000n\000s\000t\000r\000u\000c\000t\000o\000r\000\040\000\046\000\040\000D\000e\000s\000t\000r\000u\000c\000t\000o\000r\000\040\000D\000o\000c\000u\000m\000e\000n\000t\000a\000t\000i\000o\000n}{section.5.6}% 58
\BOOKMARK [3][-]{subsubsection.5.6.2.1}{\376\377\0005\000.\0006\000.\0002\000.\0001\000\040\000L\000a\000y\000e\000r\000\050\000\051}{subsection.5.6.2}% 59
\BOOKMARK [3][-]{subsubsection.5.6.2.2}{\376\377\0005\000.\0006\000.\0002\000.\0002\000\040\000\040\000L\000a\000y\000e\000r\000\050\000\051}{subsection.5.6.2}% 60
\BOOKMARK [2][-]{subsection.5.6.3}{\376\377\0005\000.\0006\000.\0003\000\040\000M\000e\000m\000b\000e\000r\000\040\000F\000u\000n\000c\000t\000i\000o\000n\000\040\000D\000o\000c\000u\000m\000e\000n\000t\000a\000t\000i\000o\000n}{section.5.6}% 61
\BOOKMARK [3][-]{subsubsection.5.6.3.1}{\376\377\0005\000.\0006\000.\0003\000.\0001\000\040\000b\000a\000c\000k\000p\000r\000o\000p\000a\000g\000a\000t\000e\000\050\000\051\000\040\000[\0001\000/\0002\000]}{subsection.5.6.3}% 62
\BOOKMARK [3][-]{subsubsection.5.6.3.2}{\376\377\0005\000.\0006\000.\0003\000.\0002\000\040\000b\000a\000c\000k\000p\000r\000o\000p\000a\000g\000a\000t\000e\000\050\000\051\000\040\000[\0002\000/\0002\000]}{subsection.5.6.3}% 63
\BOOKMARK [3][-]{subsubsection.5.6.3.3}{\376\377\0005\000.\0006\000.\0003\000.\0003\000\040\000b\000a\000c\000k\000p\000r\000o\000p\000a\000g\000a\000t\000e\000B\000a\000s\000e\000\050\000\051\000\040\000[\0001\000/\0002\000]}{subsection.5.6.3}% 64
\BOOKMARK [3][-]{subsubsection.5.6.3.4}{\376\377\0005\000.\0006\000.\0003\000.\0004\000\040\000b\000a\000c\000k\000p\000r\000o\000p\000a\000g\000a\000t\000e\000B\000a\000s\000e\000\050\000\051\000\040\000[\0002\000/\0002\000]}{subsection.5.6.3}% 65
\BOOKMARK [3][-]{subsubsection.5.6.3.5}{\376\377\0005\000.\0006\000.\0003\000.\0005\000\040\000f\000o\000r\000w\000a\000r\000d\000P\000a\000s\000s\000\050\000\051\000\040\000[\0001\000/\0002\000]}{subsection.5.6.3}% 66
\BOOKMARK [3][-]{subsubsection.5.6.3.6}{\376\377\0005\000.\0006\000.\0003\000.\0006\000\040\000f\000o\000r\000w\000a\000r\000d\000P\000a\000s\000s\000\050\000\051\000\040\000[\0002\000/\0002\000]}{subsection.5.6.3}% 67
\BOOKMARK [3][-]{subsubsection.5.6.3.7}{\376\377\0005\000.\0006\000.\0003\000.\0007\000\040\000r\000a\000n\000d\000o\000m\000i\000z\000e\000W\000e\000i\000g\000h\000t\000s\000\050\000\051}{subsection.5.6.3}% 68
\BOOKMARK [3][-]{subsubsection.5.6.3.8}{\376\377\0005\000.\0006\000.\0003\000.\0008\000\040\000u\000p\000d\000a\000t\000e\000W\000e\000i\000g\000h\000t\000s\000\050\000\051}{subsection.5.6.3}% 69
\BOOKMARK [2][-]{subsection.5.6.4}{\376\377\0005\000.\0006\000.\0004\000\040\000M\000e\000m\000b\000e\000r\000\040\000D\000a\000t\000a\000\040\000D\000o\000c\000u\000m\000e\000n\000t\000a\000t\000i\000o\000n}{section.5.6}% 70
\BOOKMARK [3][-]{subsubsection.5.6.4.1}{\376\377\0005\000.\0006\000.\0004\000.\0001\000\040\000a\000c\000t\000i\000v\000a\000t\000i\000o\000n\000F\000u\000n\000c\000t\000i\000o\000n}{subsection.5.6.4}% 71
\BOOKMARK [3][-]{subsubsection.5.6.4.2}{\376\377\0005\000.\0006\000.\0004\000.\0002\000\040\000d\000e\000l\000t\000a\000s}{subsection.5.6.4}% 72
\BOOKMARK [3][-]{subsubsection.5.6.4.3}{\376\377\0005\000.\0006\000.\0004\000.\0003\000\040\000i\000n\000p\000u\000t\000V\000a\000l\000s}{subsection.5.6.4}% 73
\BOOKMARK [3][-]{subsubsection.5.6.4.4}{\376\377\0005\000.\0006\000.\0004\000.\0004\000\040\000l\000e\000n\000I\000n}{subsection.5.6.4}% 74
\BOOKMARK [3][-]{subsubsection.5.6.4.5}{\376\377\0005\000.\0006\000.\0004\000.\0005\000\040\000l\000e\000n\000O\000u\000t}{subsection.5.6.4}% 75
\BOOKMARK [3][-]{subsubsection.5.6.4.6}{\376\377\0005\000.\0006\000.\0004\000.\0006\000\040\000o\000u\000t\000p\000u\000t\000V\000a\000l\000s}{subsection.5.6.4}% 76
\BOOKMARK [3][-]{subsubsection.5.6.4.7}{\376\377\0005\000.\0006\000.\0004\000.\0007\000\040\000s\000u\000m\000s}{subsection.5.6.4}% 77
\BOOKMARK [3][-]{subsubsection.5.6.4.8}{\376\377\0005\000.\0006\000.\0004\000.\0008\000\040\000w\000e\000i\000g\000h\000t\000G\000r\000a\000d\000i\000e\000n\000t}{subsection.5.6.4}% 78
\BOOKMARK [3][-]{subsubsection.5.6.4.9}{\376\377\0005\000.\0006\000.\0004\000.\0009\000\040\000w\000e\000i\000g\000h\000t\000s}{subsection.5.6.4}% 79
\BOOKMARK [1][-]{section.5.7}{\376\377\0005\000.\0007\000\040\000N\000e\000t\000<\000\040\000T\000\040\000>\000\040\000C\000l\000a\000s\000s\000\040\000T\000e\000m\000p\000l\000a\000t\000e\000\040\000R\000e\000f\000e\000r\000e\000n\000c\000e}{chapter.5}% 80
\BOOKMARK [1][-]{section.5.8}{\376\377\0005\000.\0008\000\040\000R\000e\000L\000U\000<\000\040\000T\000,\000\040\000N\000,\000\040\000M\000\040\000>\000\040\000C\000l\000a\000s\000s\000\040\000T\000e\000m\000p\000l\000a\000t\000e\000\040\000R\000e\000f\000e\000r\000e\000n\000c\000e}{chapter.5}% 81
\BOOKMARK [2][-]{subsection.5.8.1}{\376\377\0005\000.\0008\000.\0001\000\040\000M\000e\000m\000b\000e\000r\000\040\000F\000u\000n\000c\000t\000i\000o\000n\000\040\000D\000o\000c\000u\000m\000e\000n\000t\000a\000t\000i\000o\000n}{section.5.8}% 82
\BOOKMARK [3][-]{subsubsection.5.8.1.1}{\376\377\0005\000.\0008\000.\0001\000.\0001\000\040\000d\000e\000r\000i\000v\000a\000t\000i\000v\000e\000\050\000\051}{subsection.5.8.1}% 83
\BOOKMARK [3][-]{subsubsection.5.8.1.2}{\376\377\0005\000.\0008\000.\0001\000.\0002\000\040\000e\000v\000a\000l\000u\000a\000t\000e\000\050\000\051}{subsection.5.8.1}% 84
\BOOKMARK [0][-]{chapter.6}{\376\377\0006\000\040\000F\000i\000l\000e\000\040\000D\000o\000c\000u\000m\000e\000n\000t\000a\000t\000i\000o\000n}{}% 85
\BOOKMARK [1][-]{section.6.1}{\376\377\0006\000.\0001\000\040\000C\000:\000/\000U\000s\000e\000r\000s\000/\000A\000r\000y\000a\000n\000/\000C\000L\000i\000o\000n\000P\000r\000o\000j\000e\000c\000t\000s\000/\000C\000N\000e\000t\000/\000s\000r\000c\000/\000A\000F\000F\000u\000n\000c\000t\000i\000o\000n\000s\000.\000h\000\040\000F\000i\000l\000e\000\040\000R\000e\000f\000e\000r\000e\000n\000c\000e}{chapter.6}% 86
\BOOKMARK [1][-]{section.6.2}{\376\377\0006\000.\0002\000\040\000C\000:\000/\000U\000s\000e\000r\000s\000/\000A\000r\000y\000a\000n\000/\000C\000L\000i\000o\000n\000P\000r\000o\000j\000e\000c\000t\000s\000/\000C\000N\000e\000t\000/\000s\000r\000c\000/\000A\000F\000M\000a\000t\000r\000i\000x\000.\000c\000p\000p\000\040\000F\000i\000l\000e\000\040\000R\000e\000f\000e\000r\000e\000n\000c\000e}{chapter.6}% 87
\BOOKMARK [1][-]{section.6.3}{\376\377\0006\000.\0003\000\040\000C\000:\000/\000U\000s\000e\000r\000s\000/\000A\000r\000y\000a\000n\000/\000C\000L\000i\000o\000n\000P\000r\000o\000j\000e\000c\000t\000s\000/\000C\000N\000e\000t\000/\000s\000r\000c\000/\000A\000F\000M\000a\000t\000r\000i\000x\000.\000h\000\040\000F\000i\000l\000e\000\040\000R\000e\000f\000e\000r\000e\000n\000c\000e}{chapter.6}% 88
\BOOKMARK [2][-]{subsection.6.3.1}{\376\377\0006\000.\0003\000.\0001\000\040\000M\000a\000c\000r\000o\000\040\000D\000e\000f\000i\000n\000i\000t\000i\000o\000n\000\040\000D\000o\000c\000u\000m\000e\000n\000t\000a\000t\000i\000o\000n}{section.6.3}% 89
\BOOKMARK [3][-]{subsubsection.6.3.1.1}{\376\377\0006\000.\0003\000.\0001\000.\0001\000\040\000A\000C\000C\000E\000P\000T\000A\000B\000L\000E\000\137\000D\000O\000U\000B\000L\000E\000\137\000D\000I\000F\000F}{subsection.6.3.1}% 90
\BOOKMARK [2][-]{subsection.6.3.2}{\376\377\0006\000.\0003\000.\0002\000\040\000F\000u\000n\000c\000t\000i\000o\000n\000\040\000D\000o\000c\000u\000m\000e\000n\000t\000a\000t\000i\000o\000n}{section.6.3}% 91
\BOOKMARK [3][-]{subsubsection.6.3.2.1}{\376\377\0006\000.\0003\000.\0002\000.\0001\000\040\000d\000o\000u\000b\000l\000e\000V\000e\000c\000t\000o\000r\000E\000q\000u\000a\000l\000\050\000\051}{subsection.6.3.2}% 92
\BOOKMARK [3][-]{subsubsection.6.3.2.2}{\376\377\0006\000.\0003\000.\0002\000.\0002\000\040\000v\000e\000c\000t\000o\000r\000I\000n\000n\000e\000r\000P\000r\000o\000d\000u\000c\000t\000\050\000\051}{subsection.6.3.2}% 93
\BOOKMARK [3][-]{subsubsection.6.3.2.3}{\376\377\0006\000.\0003\000.\0002\000.\0003\000\040\000v\000e\000c\000t\000o\000r\000I\000n\000n\000e\000r\000P\000r\000o\000d\000u\000c\000t\000B\000o\000u\000n\000d\000e\000d\000\050\000\051}{subsection.6.3.2}% 94
\BOOKMARK [1][-]{section.6.4}{\376\377\0006\000.\0004\000\040\000C\000:\000/\000U\000s\000e\000r\000s\000/\000A\000r\000y\000a\000n\000/\000C\000L\000i\000o\000n\000P\000r\000o\000j\000e\000c\000t\000s\000/\000C\000N\000e\000t\000/\000s\000r\000c\000/\000L\000a\000y\000e\000r\000.\000c\000p\000p\000\040\000F\000i\000l\000e\000\040\000R\000e\000f\000e\000r\000e\000n\000c\000e}{chapter.6}% 95
\BOOKMARK [1][-]{section.6.5}{\376\377\0006\000.\0005\000\040\000C\000:\000/\000U\000s\000e\000r\000s\000/\000A\000r\000y\000a\000n\000/\000C\000L\000i\000o\000n\000P\000r\000o\000j\000e\000c\000t\000s\000/\000C\000N\000e\000t\000/\000s\000r\000c\000/\000L\000a\000y\000e\000r\000.\000h\000\040\000F\000i\000l\000e\000\040\000R\000e\000f\000e\000r\000e\000n\000c\000e}{chapter.6}% 96
\BOOKMARK [1][-]{section.6.6}{\376\377\0006\000.\0006\000\040\000C\000:\000/\000U\000s\000e\000r\000s\000/\000A\000r\000y\000a\000n\000/\000C\000L\000i\000o\000n\000P\000r\000o\000j\000e\000c\000t\000s\000/\000C\000N\000e\000t\000/\000s\000r\000c\000/\000m\000a\000i\000n\000.\000c\000p\000p\000\040\000F\000i\000l\000e\000\040\000R\000e\000f\000e\000r\000e\000n\000c\000e}{chapter.6}% 97
\BOOKMARK [2][-]{subsection.6.6.1}{\376\377\0006\000.\0006\000.\0001\000\040\000F\000u\000n\000c\000t\000i\000o\000n\000\040\000D\000o\000c\000u\000m\000e\000n\000t\000a\000t\000i\000o\000n}{section.6.6}% 98
\BOOKMARK [3][-]{subsubsection.6.6.1.1}{\376\377\0006\000.\0006\000.\0001\000.\0001\000\040\000m\000a\000i\000n\000\050\000\051}{subsection.6.6.1}% 99
\BOOKMARK [1][-]{section.6.7}{\376\377\0006\000.\0007\000\040\000C\000:\000/\000U\000s\000e\000r\000s\000/\000A\000r\000y\000a\000n\000/\000C\000L\000i\000o\000n\000P\000r\000o\000j\000e\000c\000t\000s\000/\000C\000N\000e\000t\000/\000s\000r\000c\000/\000N\000e\000t\000.\000c\000p\000p\000\040\000F\000i\000l\000e\000\040\000R\000e\000f\000e\000r\000e\000n\000c\000e}{chapter.6}% 100
\BOOKMARK [1][-]{section.6.8}{\376\377\0006\000.\0008\000\040\000C\000:\000/\000U\000s\000e\000r\000s\000/\000A\000r\000y\000a\000n\000/\000C\000L\000i\000o\000n\000P\000r\000o\000j\000e\000c\000t\000s\000/\000C\000N\000e\000t\000/\000s\000r\000c\000/\000N\000e\000t\000.\000h\000\040\000F\000i\000l\000e\000\040\000R\000e\000f\000e\000r\000e\000n\000c\000e}{chapter.6}% 101
\BOOKMARK [0][-]{section*.24}{\376\377\000I\000n\000d\000e\000x}{}% 102
